<html>
<head>
<title>TestNG:  Test</title>
<link href="../testng.css" rel="stylesheet" type="text/css" />
<link href="../my-testng.css" rel="stylesheet" type="text/css" />

<style type="text/css">
.log { display: none;} 
.stack-trace { display: none;} 
</style>
<script type="text/javascript">
<!--
function flip(e) {
  current = e.style.display;
  if (current == 'block') {
    e.style.display = 'none';
    return 0;
  }
  else {
    e.style.display = 'block';
    return 1;
  }
}

function toggleBox(szDivId, elem, msg1, msg2)
{
  var res = -1;  if (document.getElementById) {
    res = flip(document.getElementById(szDivId));
  }
  else if (document.all) {
    // this is the way old msie versions work
    res = flip(document.all[szDivId]);
  }
  if(elem) {
    if(res == 0) elem.innerHTML = msg1; else elem.innerHTML = msg2;
  }

}

function toggleAllBoxes() {
  if (document.getElementsByTagName) {
    d = document.getElementsByTagName('div');
    for (i = 0; i < d.length; i++) {
      if (d[i].className == 'log') {
        flip(d[i]);
      }
    }
  }
}

// -->
</script>

</head>
<body>
<h2 align='center'>Test</h2><table border='1' align="center">
<tr>
<td>Tests passed/Failed/Skipped:</td><td>6/2/0</td>
</tr><tr>
<td>Started on:</td><td>Thu Oct 06 11:55:57 IST 2022</td>
</tr>
<tr><td>Total time:</td><td>30 seconds (30952 ms)</td>
</tr><tr>
<td>Included groups:</td><td></td>
</tr><tr>
<td>Excluded groups:</td><td></td>
</tr>
</table><p/>
<small><i>(Hover the method name to see the test class name)</i></small><p/>
<table width='100%' border='1' class='invocation-failed'>
<tr><td colspan='4' align='center'><b>FAILED TESTS</b></td></tr>
<tr><td><b>Test method</b></td>
<td width="30%"><b>Exception</b></td>
<td width="10%"><b>Time (seconds)</b></td>
<td><b>Instance</b></td>
</tr>
<tr>
<td title='com.ScriptaInsight.Testcases.DiscontinueDrugAPI.TC02_Existing_Discontinued_Drug()'><b>TC02_Existing_Discontinued_Drug</b><br>Test class: com.ScriptaInsight.Testcases.DiscontinueDrugAPI</td>
<td><div><pre>java.lang.AssertionError: expected [409] but found [500]
	at com.ScriptaInsight.Testcases.DiscontinueDrugAPI.TC02_Existing_Discontinued_Drug(DiscontinueDrugAPI.java:84)
	at java.base/java.util.ArrayList.forEach(ArrayList.java:1511)
... Removed 33 stack frames</pre></div><a href='#' onClick='toggleBox("stack-trace377667724", this, "Click to show all stack frames", "Click to hide stack frames")'>Click to show all stack frames</a>
<div class='stack-trace' id='stack-trace377667724'><pre>java.lang.AssertionError: expected [409] but found [500]
	at org.testng.Assert.fail(Assert.java:99)
	at org.testng.Assert.failNotEquals(Assert.java:1037)
	at org.testng.Assert.assertEqualsImpl(Assert.java:140)
	at org.testng.Assert.assertEquals(Assert.java:122)
	at org.testng.Assert.assertEquals(Assert.java:907)
	at org.testng.Assert.assertEquals(Assert.java:917)
	at com.ScriptaInsight.Testcases.DiscontinueDrugAPI.TC02_Existing_Discontinued_Drug(DiscontinueDrugAPI.java:84)
	at java.base/jdk.internal.reflect.NativeMethodAccessorImpl.invoke0(Native Method)
	at java.base/jdk.internal.reflect.NativeMethodAccessorImpl.invoke(NativeMethodAccessorImpl.java:78)
	at java.base/jdk.internal.reflect.DelegatingMethodAccessorImpl.invoke(DelegatingMethodAccessorImpl.java:43)
	at java.base/java.lang.reflect.Method.invoke(Method.java:567)
	at org.testng.internal.MethodInvocationHelper.invokeMethod(MethodInvocationHelper.java:133)
	at org.testng.internal.TestInvoker.invokeMethod(TestInvoker.java:598)
	at org.testng.internal.TestInvoker.invokeTestMethod(TestInvoker.java:173)
	at org.testng.internal.MethodRunner.runInSequence(MethodRunner.java:46)
	at org.testng.internal.TestInvoker$MethodInvocationAgent.invoke(TestInvoker.java:824)
	at org.testng.internal.TestInvoker.invokeTestMethods(TestInvoker.java:146)
	at org.testng.internal.TestMethodWorker.invokeTestMethods(TestMethodWorker.java:146)
	at org.testng.internal.TestMethodWorker.run(TestMethodWorker.java:128)
	at java.base/java.util.ArrayList.forEach(ArrayList.java:1511)
	at org.testng.TestRunner.privateRun(TestRunner.java:794)
	at org.testng.TestRunner.run(TestRunner.java:596)
	at org.testng.SuiteRunner.runTest(SuiteRunner.java:377)
	at org.testng.SuiteRunner.runSequentially(SuiteRunner.java:371)
	at org.testng.SuiteRunner.privateRun(SuiteRunner.java:332)
	at org.testng.SuiteRunner.run(SuiteRunner.java:276)
	at org.testng.SuiteRunnerWorker.runSuite(SuiteRunnerWorker.java:53)
	at org.testng.SuiteRunnerWorker.run(SuiteRunnerWorker.java:96)
	at org.testng.TestNG.runSuitesSequentially(TestNG.java:1212)
	at org.testng.TestNG.runSuitesLocally(TestNG.java:1134)
	at org.testng.TestNG.runSuites(TestNG.java:1063)
	at org.testng.TestNG.run(TestNG.java:1031)
	at org.testng.remote.AbstractRemoteTestNG.run(AbstractRemoteTestNG.java:115)
	at org.testng.remote.RemoteTestNG.initAndRun(RemoteTestNG.java:251)
	at org.testng.remote.RemoteTestNG.main(RemoteTestNG.java:77)
</pre></div></td>
<td>3</td>
<td>com.ScriptaInsight.Testcases.DiscontinueDrugAPI@58695725</td></tr>
<tr>
<td title='com.ScriptaInsight.Testcases.DiscontinueDrugAPI.TC01_Valid_DrugId()'><b>TC01_Valid_DrugId</b><br>Test class: com.ScriptaInsight.Testcases.DiscontinueDrugAPI</td>
<td><div><pre>java.lang.AssertionError: expected [201] but found [500]
	at com.ScriptaInsight.Testcases.DiscontinueDrugAPI.TC01_Valid_DrugId(DiscontinueDrugAPI.java:46)
	at java.base/java.util.ArrayList.forEach(ArrayList.java:1511)
... Removed 33 stack frames</pre></div><a href='#' onClick='toggleBox("stack-trace440902120", this, "Click to show all stack frames", "Click to hide stack frames")'>Click to show all stack frames</a>
<div class='stack-trace' id='stack-trace440902120'><pre>java.lang.AssertionError: expected [201] but found [500]
	at org.testng.Assert.fail(Assert.java:99)
	at org.testng.Assert.failNotEquals(Assert.java:1037)
	at org.testng.Assert.assertEqualsImpl(Assert.java:140)
	at org.testng.Assert.assertEquals(Assert.java:122)
	at org.testng.Assert.assertEquals(Assert.java:907)
	at org.testng.Assert.assertEquals(Assert.java:917)
	at com.ScriptaInsight.Testcases.DiscontinueDrugAPI.TC01_Valid_DrugId(DiscontinueDrugAPI.java:46)
	at java.base/jdk.internal.reflect.NativeMethodAccessorImpl.invoke0(Native Method)
	at java.base/jdk.internal.reflect.NativeMethodAccessorImpl.invoke(NativeMethodAccessorImpl.java:78)
	at java.base/jdk.internal.reflect.DelegatingMethodAccessorImpl.invoke(DelegatingMethodAccessorImpl.java:43)
	at java.base/java.lang.reflect.Method.invoke(Method.java:567)
	at org.testng.internal.MethodInvocationHelper.invokeMethod(MethodInvocationHelper.java:133)
	at org.testng.internal.TestInvoker.invokeMethod(TestInvoker.java:598)
	at org.testng.internal.TestInvoker.invokeTestMethod(TestInvoker.java:173)
	at org.testng.internal.MethodRunner.runInSequence(MethodRunner.java:46)
	at org.testng.internal.TestInvoker$MethodInvocationAgent.invoke(TestInvoker.java:824)
	at org.testng.internal.TestInvoker.invokeTestMethods(TestInvoker.java:146)
	at org.testng.internal.TestMethodWorker.invokeTestMethods(TestMethodWorker.java:146)
	at org.testng.internal.TestMethodWorker.run(TestMethodWorker.java:128)
	at java.base/java.util.ArrayList.forEach(ArrayList.java:1511)
	at org.testng.TestRunner.privateRun(TestRunner.java:794)
	at org.testng.TestRunner.run(TestRunner.java:596)
	at org.testng.SuiteRunner.runTest(SuiteRunner.java:377)
	at org.testng.SuiteRunner.runSequentially(SuiteRunner.java:371)
	at org.testng.SuiteRunner.privateRun(SuiteRunner.java:332)
	at org.testng.SuiteRunner.run(SuiteRunner.java:276)
	at org.testng.SuiteRunnerWorker.runSuite(SuiteRunnerWorker.java:53)
	at org.testng.SuiteRunnerWorker.run(SuiteRunnerWorker.java:96)
	at org.testng.TestNG.runSuitesSequentially(TestNG.java:1212)
	at org.testng.TestNG.runSuitesLocally(TestNG.java:1134)
	at org.testng.TestNG.runSuites(TestNG.java:1063)
	at org.testng.TestNG.run(TestNG.java:1031)
	at org.testng.remote.AbstractRemoteTestNG.run(AbstractRemoteTestNG.java:115)
	at org.testng.remote.RemoteTestNG.initAndRun(RemoteTestNG.java:251)
	at org.testng.remote.RemoteTestNG.main(RemoteTestNG.java:77)
</pre></div></td>
<td>4</td>
<td>com.ScriptaInsight.Testcases.DiscontinueDrugAPI@58695725</td></tr>
</table><p>
<table width='100%' border='1' class='invocation-passed'>
<tr><td colspan='4' align='center'><b>PASSED TESTS</b></td></tr>
<tr><td><b>Test method</b></td>
<td width="30%"><b>Exception</b></td>
<td width="10%"><b>Time (seconds)</b></td>
<td><b>Instance</b></td>
</tr>
<tr>
<td title='com.ScriptaInsight.Testcases.DrugNdcListByDrugId.TC01_Existing_DrugId()'><b>TC01_Existing_DrugId</b><br>Test class: com.ScriptaInsight.Testcases.DrugNdcListByDrugId<br/>
<a href="#Output-1992235960" onClick='toggleBox("Output-1992235960", this, "Show output", "Hide output");'>Show output</a>

<a href="#Output-1992235960" onClick="toggleAllBoxes();">Show all outputs</a>
<div class='log' id="Output-1992235960">
Get NDC List by Drug ID-Passed<br/>
</div>
</td>
<td></td>
<td>4</td>
<td>com.ScriptaInsight.Testcases.DrugNdcListByDrugId@58d75e99</td></tr>
<tr>
<td title='com.ScriptaInsight.Testcases.DrugNdcListByDrugId.TC03_Invalid_DrugId()'><b>TC03_Invalid_DrugId</b><br>Test class: com.ScriptaInsight.Testcases.DrugNdcListByDrugId</td>
<td></td>
<td>3</td>
<td>com.ScriptaInsight.Testcases.DrugNdcListByDrugId@58d75e99</td></tr>
<tr>
<td title='com.ScriptaInsight.Testcases.DrugNdcListByDrugId.TC04_Invalid_Authorization_token()'><b>TC04_Invalid_Authorization_token</b><br>Test class: com.ScriptaInsight.Testcases.DrugNdcListByDrugId</td>
<td></td>
<td>1</td>
<td>com.ScriptaInsight.Testcases.DrugNdcListByDrugId@58d75e99</td></tr>
<tr>
<td title='com.ScriptaInsight.Testcases.DiscontinueDrugAPI.TC03_Invalid_DrugId()'><b>TC03_Invalid_DrugId</b><br>Test class: com.ScriptaInsight.Testcases.DiscontinueDrugAPI</td>
<td></td>
<td>3</td>
<td>com.ScriptaInsight.Testcases.DiscontinueDrugAPI@58695725</td></tr>
<tr>
<td title='com.ScriptaInsight.Testcases.DrugNdcListByDrugId.TC02_Non_Existing_DrugId()'><b>TC02_Non_Existing_DrugId</b><br>Test class: com.ScriptaInsight.Testcases.DrugNdcListByDrugId</td>
<td></td>
<td>3</td>
<td>com.ScriptaInsight.Testcases.DrugNdcListByDrugId@58d75e99</td></tr>
<tr>
<td title='com.ScriptaInsight.Testcases.DiscontinueDrugAPI.TC04_Invalid_Authorization_Token()'><b>TC04_Invalid_Authorization_Token</b><br>Test class: com.ScriptaInsight.Testcases.DiscontinueDrugAPI</td>
<td></td>
<td>1</td>
<td>com.ScriptaInsight.Testcases.DiscontinueDrugAPI@58695725</td></tr>
</table><p>
</body>
</html>